2025-01-18 02:34:37,452 - INFO - Запуск бота...
2025-01-18 02:34:37,710 - INFO - Подключаем основной роутер
2025-01-18 02:34:37,711 - INFO - Регистрируем хендлеры FSM...
2025-01-18 02:34:37,711 - INFO - Регистрируем специфические хендлеры...
2025-01-18 02:34:37,713 - INFO - Регистрируем общие хендлеры для текстовых сообщений...
2025-01-18 02:34:37,713 - INFO - Все обработчики зарегистрированы.
2025-01-18 02:34:37,713 - INFO - Start polling
2025-01-18 02:34:37,788 - INFO - Run polling for bot @LegalEVbot id=8150353350 - 'Legalbot'
2025-01-18 02:34:43,450 - INFO - Update id=171738948 is handled. Duration 281 ms by bot id=8150353350
2025-01-18 02:34:46,871 - INFO - Update id=171738949 is handled. Duration 328 ms by bot id=8150353350
2025-01-18 02:34:48,973 - INFO - Update id=171738950 is handled. Duration 171 ms by bot id=8150353350
2025-01-18 02:34:50,283 - INFO - Update id=171738951 is not handled. Duration 14 ms by bot id=8150353350
2025-01-18 02:34:51,677 - INFO - Update id=171738952 is handled. Duration 108 ms by bot id=8150353350
2025-01-18 02:50:10,610 - INFO - Polling stopped
2025-01-18 02:50:10,915 - INFO - Polling stopped for bot @LegalEVbot id=8150353350 - 'Legalbot'
2025-01-18 02:51:50,804 - INFO - Запуск бота...
2025-01-18 02:51:51,072 - INFO - Подключаем основной роутер
2025-01-18 02:51:51,073 - INFO - Регистрируем хендлеры FSM...
2025-01-18 02:51:51,073 - INFO - Регистрируем специфические хендлеры...
2025-01-18 02:51:51,075 - INFO - Регистрируем общие хендлеры для текстовых сообщений...
2025-01-18 02:51:51,076 - INFO - Все обработчики зарегистрированы.
2025-01-18 02:52:35,513 - INFO - Запуск бота...
2025-01-18 02:52:35,745 - INFO - Подключаем основной роутер
2025-01-18 02:52:35,746 - INFO - Регистрируем хендлеры FSM...
2025-01-18 02:52:35,746 - INFO - Регистрируем специфические хендлеры...
2025-01-18 02:52:35,749 - INFO - Регистрируем общие хендлеры для текстовых сообщений...
2025-01-18 02:52:35,751 - INFO - Все обработчики зарегистрированы.
2025-01-18 03:21:56,681 - INFO - Запуск бота...
2025-01-18 03:21:56,947 - INFO - Подключаем основной роутер
2025-01-18 03:21:56,948 - INFO - Регистрируем хендлеры FSM...
2025-01-18 03:21:56,948 - INFO - Регистрируем специфические хендлеры...
2025-01-18 03:21:56,950 - INFO - Регистрируем общие хендлеры для текстовых сообщений...
2025-01-18 03:21:56,951 - INFO - Все обработчики зарегистрированы.
